<?xml version="1.0" encoding="UTF-8"?>
<testng-results ignored="0" total="1" passed="1" failed="0" skipped="0">
  <reporter-output>
  </reporter-output>
  <suite started-at="2022-11-19T11:56:38 IST" name="Default suite" finished-at="2022-11-19T11:56:51 IST" duration-ms="13686">
    <groups>
    </groups>
    <test started-at="2022-11-19T11:56:38 IST" name="Default test" finished-at="2022-11-19T11:56:51 IST" duration-ms="13686">
      <class name="EkartAuto">
        <test-method signature="Search()[pri:0, instance:EkartAuto@1817d444]" started-at="2022-11-19T11:56:38 IST" name="Search" finished-at="2022-11-19T11:56:51 IST" duration-ms="13598" status="PASS">
          <reporter-output>
          </reporter-output>
        </test-method> <!-- Search -->
      </class> <!-- EkartAuto -->
    </test> <!-- Default test -->
  </suite> <!-- Default suite -->
</testng-results>
